<?xml version="1.0" encoding="UTF-8"?>
<!-- Generated by org.testng.reporters.JUnitXMLReporter -->
<testsuite ignored="5" hostname="EG5CG8352JJ4" failures="0" tests="1" name="Default test" time="9.762" errors="0" timestamp="2020-09-25T22:18:15 EET">
  <testcase classname="com.Yahoo.Testcases.UserLogin" name="UsernamePasswdLoginFail" time="9.617"/>
  <testcase classname="com.Yahoo.Testcases.UserLogin" name="UsernameLoginCorrectly" time="0.0">
    <ignored/>
  </testcase> <!-- UsernameLoginCorrectly -->
  <testcase classname="com.Yahoo.Testcases.UserLogin" name="MailLoginFail" time="0.0">
    <ignored/>
  </testcase> <!-- MailLoginFail -->
  <testcase classname="com.Yahoo.Testcases.UserLogin" name="MailPasswdLoginFail" time="0.0">
    <ignored/>
  </testcase> <!-- MailPasswdLoginFail -->
  <testcase classname="com.Yahoo.Testcases.UserLogin" name="UsernameLoginFail" time="0.0">
    <ignored/>
  </testcase> <!-- UsernameLoginFail -->
  <testcase classname="com.Yahoo.Testcases.UserLogin" name="MailLoginCorrectly" time="0.0">
    <ignored/>
  </testcase> <!-- MailLoginCorrectly -->
</testsuite> <!-- Default test -->
