<?xml version="1.0" encoding="UTF-8"?>
<testng-results ignored="5" total="6" passed="1" failed="0" skipped="0">
  <reporter-output>
  </reporter-output>
  <suite started-at="2020-09-25T22:18:05 EET" name="Default suite" finished-at="2020-09-25T22:18:15 EET" duration-ms="9762">
    <groups>
    </groups>
    <test started-at="2020-09-25T22:18:05 EET" name="Default test" finished-at="2020-09-25T22:18:15 EET" duration-ms="9762">
      <class name="com.Yahoo.Testcases.UserLogin">
        <test-method is-config="true" signature="intiatDriver()[pri:0, instance:com.Yahoo.Testcases.UserLogin@71c3b41]" started-at="2020-09-25T22:17:52 EET" name="intiatDriver" finished-at="2020-09-25T22:18:05 EET" duration-ms="12851" status="PASS">
          <reporter-output>
          </reporter-output>
        </test-method> <!-- intiatDriver -->
        <test-method signature="UsernamePasswdLoginFail()[pri:0, instance:com.Yahoo.Testcases.UserLogin@71c3b41]" started-at="2020-09-25T22:18:05 EET" name="UsernamePasswdLoginFail" finished-at="2020-09-25T22:18:15 EET" duration-ms="9617" status="PASS">
          <reporter-output>
          </reporter-output>
        </test-method> <!-- UsernamePasswdLoginFail -->
        <test-method is-config="true" signature="closeDriver()[pri:0, instance:com.Yahoo.Testcases.UserLogin@71c3b41]" started-at="2020-09-25T22:18:15 EET" name="closeDriver" finished-at="2020-09-25T22:18:18 EET" duration-ms="3402" status="PASS">
          <reporter-output>
          </reporter-output>
        </test-method> <!-- closeDriver -->
      </class> <!-- com.Yahoo.Testcases.UserLogin -->
    </test> <!-- Default test -->
  </suite> <!-- Default suite -->
</testng-results>
